# JRE version: OpenJDK Runtime Environment (21.0.9) (build 21.0.9+-14787801-b1163.94)
# Java VM: OpenJDK 64-Bit Server VM (21.0.9+-14787801-b1163.94, mixed mode, tiered, compressed oops, compressed class ptrs, g1 gc, windows-amd64)
GC Precious Log:
 CardTable entry size: 512
 Card Set container configuration: InlinePtr #cards 4 size 8 Array Of Cards #cards 32 size 80 Howl #buckets 8 coarsen threshold 7372 Howl Bitmap #cards 1024 size 144 coarsen threshold 921 Card regions per heap region 1 cards per card region 8192
 CPUs: 4 total, 4 available
 Memory: 1943M
 Large Page Support: Disabled
 NUMA Support: Disabled
 Compressed Oops: Enabled (Zero based)
 Heap Region Size: 4M
 Heap Min Capacity: 8M
 Heap Initial Capacity: 32M
 Heap Max Capacity: 8G
 Pre-touch: Disabled
 Parallel Workers: 4
 Concurrent Workers: 1
 Concurrent Refinement Workers: 4
 Periodic GC: Disabled
Heap:
 garbage-first heap   total 1200128K, used 286918K [0x0000000600000000, 0x0000000800000000)
  region size 4096K, 2 young (8192K), 2 survivors (8192K)
 Metaspace       used 214188K, committed 216896K, reserved 1245184K
  class space    used 27925K, committed 29248K, reserved 1048576K
GC Heap History (20 events):
Event: 291.139 GC heap after
{Heap after GC invocations=81 (full 0):
 garbage-first heap   total 831488K, used 263111K [0x0000000600000000, 0x0000000800000000)
  region size 4096K, 1 young (4096K), 1 survivors (4096K)
 Metaspace       used 212050K, committed 214720K, reserved 1245184K
  class space    used 27697K, committed 28992K, reserved 1048576K
}
Event: 333.426 GC heap before
{Heap before GC invocations=81 (full 0):
 garbage-first heap   total 831488K, used 299975K [0x0000000600000000, 0x0000000800000000)
  region size 4096K, 10 young (40960K), 1 survivors (4096K)
 Metaspace       used 213187K, committed 215872K, reserved 1245184K
  class space    used 27890K, committed 29184K, reserved 1048576K
}
Event: 333.552 GC heap after
{Heap after GC invocations=82 (full 0):
 garbage-first heap   total 831488K, used 263073K [0x0000000600000000, 0x0000000800000000)
  region size 4096K, 1 young (4096K), 1 survivors (4096K)
 Metaspace       used 213187K, committed 215872K, reserved 1245184K
  class space    used 27890K, committed 29184K, reserved 1048576K
}
Event: 701.429 GC heap before
{Heap before GC invocations=82 (full 0):
 garbage-first heap   total 831488K, used 299937K [0x0000000600000000, 0x0000000800000000)
  region size 4096K, 10 young (40960K), 1 survivors (4096K)
 Metaspace       used 213308K, committed 216000K, reserved 1245184K
  class space    used 27895K, committed 29184K, reserved 1048576K
}
Event: 703.866 GC heap after
{Heap after GC invocations=83 (full 0):
 garbage-first heap   total 831488K, used 265856K [0x0000000600000000, 0x0000000800000000)
  region size 4096K, 2 young (8192K), 2 survivors (8192K)
 Metaspace       used 213308K, committed 216000K, reserved 1245184K
  class space    used 27895K, committed 29184K, reserved 1048576K
}
Event: 745.948 GC heap before
{Heap before GC invocations=83 (full 0):
 garbage-first heap   total 831488K, used 298624K [0x0000000600000000, 0x0000000800000000)
  region size 4096K, 10 young (40960K), 2 survivors (8192K)
 Metaspace       used 213388K, committed 216064K, reserved 1245184K
  class space    used 27897K, committed 29184K, reserved 1048576K
}
Event: 746.703 GC heap after
{Heap after GC invocations=84 (full 0):
 garbage-first heap   total 831488K, used 258637K [0x0000000600000000, 0x0000000800000000)
  region size 4096K, 1 young (4096K), 1 survivors (4096K)
 Metaspace       used 213388K, committed 216064K, reserved 1245184K
  class space    used 27897K, committed 29184K, reserved 1048576K
}
Event: 754.525 GC heap before
{Heap before GC invocations=84 (full 0):
 garbage-first heap   total 831488K, used 295501K [0x0000000600000000, 0x0000000800000000)
  region size 4096K, 10 young (40960K), 1 survivors (4096K)
 Metaspace       used 213503K, committed 216192K, reserved 1245184K
  class space    used 27897K, committed 29184K, reserved 1048576K
}
Event: 755.195 GC heap after
{Heap after GC invocations=85 (full 0):
 garbage-first heap   total 831488K, used 262524K [0x0000000600000000, 0x0000000800000000)
  region size 4096K, 2 young (8192K), 2 survivors (8192K)
 Metaspace       used 213503K, committed 216192K, reserved 1245184K
  class space    used 27897K, committed 29184K, reserved 1048576K
}
Event: 764.779 GC heap before
{Heap before GC invocations=85 (full 0):
 garbage-first heap   total 831488K, used 295292K [0x0000000600000000, 0x0000000800000000)
  region size 4096K, 10 young (40960K), 2 survivors (8192K)
 Metaspace       used 213553K, committed 216256K, reserved 1245184K
  class space    used 27897K, committed 29184K, reserved 1048576K
}
Event: 766.015 GC heap after
{Heap after GC invocations=86 (full 0):
 garbage-first heap   total 1200128K, used 263276K [0x0000000600000000, 0x0000000800000000)
  region size 4096K, 2 young (8192K), 2 survivors (8192K)
 Metaspace       used 213553K, committed 216256K, reserved 1245184K
  class space    used 27897K, committed 29184K, reserved 1048576K
}
Event: 808.852 GC heap before
{Heap before GC invocations=86 (full 0):
 garbage-first heap   total 1200128K, used 312428K [0x0000000600000000, 0x0000000800000000)
  region size 4096K, 14 young (57344K), 2 survivors (8192K)
 Metaspace       used 213741K, committed 216448K, reserved 1245184K
  class space    used 27905K, committed 29184K, reserved 1048576K
}
Event: 811.787 GC heap after
{Heap after GC invocations=87 (full 0):
 garbage-first heap   total 1200128K, used 268753K [0x0000000600000000, 0x0000000800000000)
  region size 4096K, 2 young (8192K), 2 survivors (8192K)
 Metaspace       used 213741K, committed 216448K, reserved 1245184K
  class space    used 27905K, committed 29184K, reserved 1048576K
}
Event: 986.165 GC heap before
{Heap before GC invocations=87 (full 0):
 garbage-first heap   total 1200128K, used 317905K [0x0000000600000000, 0x0000000800000000)
  region size 4096K, 14 young (57344K), 2 survivors (8192K)
 Metaspace       used 213872K, committed 216640K, reserved 1245184K
  class space    used 27914K, committed 29248K, reserved 1048576K
}
Event: 987.780 GC heap after
{Heap after GC invocations=88 (full 0):
 garbage-first heap   total 1200128K, used 274428K [0x0000000600000000, 0x0000000800000000)
  region size 4096K, 2 young (8192K), 2 survivors (8192K)
 Metaspace       used 213872K, committed 216640K, reserved 1245184K
  class space    used 27914K, committed 29248K, reserved 1048576K
}
Event: 1003.932 GC heap before
{Heap before GC invocations=88 (full 0):
 garbage-first heap   total 1200128K, used 323580K [0x0000000600000000, 0x0000000800000000)
  region size 4096K, 14 young (57344K), 2 survivors (8192K)
 Metaspace       used 213983K, committed 216704K, reserved 1245184K
  class space    used 27917K, committed 29248K, reserved 1048576K
}
Event: 1005.717 GC heap after
{Heap after GC invocations=89 (full 0):
 garbage-first heap   total 1200128K, used 278190K [0x0000000600000000, 0x0000000800000000)
  region size 4096K, 2 young (8192K), 2 survivors (8192K)
 Metaspace       used 213983K, committed 216704K, reserved 1245184K
  class space    used 27917K, committed 29248K, reserved 1048576K
}
Event: 1019.281 GC heap before
{Heap before GC invocations=89 (full 0):
 garbage-first heap   total 1200128K, used 327342K [0x0000000600000000, 0x0000000800000000)
  region size 4096K, 14 young (57344K), 2 survivors (8192K)
 Metaspace       used 214059K, committed 216832K, reserved 1245184K
  class space    used 27921K, committed 29248K, reserved 1048576K
}
Event: 1020.053 GC heap after
{Heap after GC invocations=90 (full 0):
 garbage-first heap   total 1200128K, used 281600K [0x0000000600000000, 0x0000000800000000)
  region size 4096K, 1 young (4096K), 1 survivors (4096K)
 Metaspace       used 214059K, committed 216832K, reserved 1245184K
  class space    used 27921K, committed 29248K, reserved 1048576K
}
Event: 1027.261 GC heap before
{Heap before GC invocations=90 (full 0):
 garbage-first heap   total 1200128K, used 334848K [0x0000000600000000, 0x0000000800000000)
  region size 4096K, 14 young (57344K), 1 survivors (4096K)
 Metaspace       used 214188K, committed 216896K, reserved 1245184K
  class space    used 27925K, committed 29248K, reserved 1048576K
}

